<?xml version="1.0" encoding="UTF-8"?>
<!-- Generated by org.testng.reporters.JUnitReportReporter -->
<testsuite hostname="SCHL-R6ICDKE" name="com.scholastic.sso.misc.SearchValidationTest" tests="1" failures="0" timestamp="27 Jan 2015 18:37:22 GMT" time="72.365" errors="0">
  <testcase name="searchValidationTest" time="72.365" classname="com.scholastic.sso.misc.SearchValidationTest"/>
</testsuite> <!-- com.scholastic.sso.misc.SearchValidationTest -->
