<?xml version="1.0" encoding="UTF-8"?>
<!-- Generated by org.testng.reporters.JUnitReportReporter -->
<testsuite hostname="SCHL-R6ICDKE" name="com.scholastic.sso.SampleTest" tests="1" failures="0" timestamp="27 Oct 2014 19:47:39 GMT" time="0.011" errors="0">
  <testcase name="sampleExample" time="0.011" classname="com.scholastic.sso.SampleTest"/>
</testsuite> <!-- com.scholastic.sso.SampleTest -->
