<?xml version="1.0" encoding="UTF-8"?>
<!-- Generated by org.testng.reporters.JUnitReportReporter -->
<testsuite hostname="SCHL-R6ICDKE" name="com.scholastic.sso.placeOrders.OrderBooksTest" tests="1" failures="0" timestamp="12 Nov 2014 16:43:09 GMT" time="64.665" errors="0">
  <testcase name="orderBooksTest" time="64.665" classname="com.scholastic.sso.placeOrders.OrderBooksTest"/>
</testsuite> <!-- com.scholastic.sso.placeOrders.OrderBooksTest -->
