<?xml version="1.0" encoding="UTF-8"?>
<!-- Generated by org.testng.reporters.JUnitReportReporter -->
<testsuite hostname="SCHL-R6ICDKE" name="com.scholastic.sso.misc.SearchValidationTest" tests="1" failures="0" timestamp="2 Feb 2015 21:05:04 GMT" time="47.995" errors="0">
  <testcase name="searchValidationTest" time="47.995" classname="com.scholastic.sso.misc.SearchValidationTest"/>
</testsuite> <!-- com.scholastic.sso.misc.SearchValidationTest -->
