<?xml version="1.0" encoding="UTF-8"?>
<!-- Generated by org.testng.reporters.JUnitReportReporter -->
<testsuite hostname="SCHL-R6ICDKE" name="com.scholastic.sso.misc.SearchValidationTest" tests="1" failures="0" timestamp="28 Jan 2015 16:12:20 GMT" time="65.422" errors="0">
  <testcase name="searchValidationTest" time="65.422" classname="com.scholastic.sso.misc.SearchValidationTest"/>
</testsuite> <!-- com.scholastic.sso.misc.SearchValidationTest -->
